# JRE version: OpenJDK Runtime Environment (15.0.2+7) (build 15.0.2+7-27)
# Java VM: OpenJDK 64-Bit Server VM (15.0.2+7-27, mixed mode, tiered, compressed oops, g1 gc, windows-amd64)
GC Precious Log:
 CPUs: 8 total, 8 available
 Memory: 7973M
 Large Page Support: Disabled
 NUMA Support: Disabled
 Compressed Oops: Enabled (32-bit)
 Heap Region Size: 1M
 Heap Min Capacity: 8M
 Heap Initial Capacity: 126M
 Heap Max Capacity: 1994M
 Pre-touch: Disabled
 Parallel Workers: 8
 Concurrent Workers: 2
 Concurrent Refinement Workers: 8
 Periodic GC: Disabled
Heap:
 garbage-first heap   total 129024K, used 65394K [0x0000000083600000, 0x0000000100000000)
  region size 1024K, 59 young (60416K), 4 survivors (4096K)
 Metaspace       used 13109K, capacity 13280K, committed 13568K, reserved 1060864K
  class space    used 1096K, capacity 1173K, committed 1280K, reserved 1048576K
GC Heap History (10 events):
Event: 0.854 GC heap before
{Heap before GC invocations=0 (full 0):
 garbage-first heap   total 129024K, used 28672K [0x0000000083600000, 0x0000000100000000)
  region size 1024K, 23 young (23552K), 0 survivors (0K)
 Metaspace       used 12768K, capacity 12896K, committed 13184K, reserved 1060864K
  class space    used 1081K, capacity 1109K, committed 1152K, reserved 1048576K
}
Event: 0.857 GC heap after
{Heap after GC invocations=1 (full 0):
 garbage-first heap   total 129024K, used 8157K [0x0000000083600000, 0x0000000100000000)
  region size 1024K, 3 young (3072K), 3 survivors (3072K)
 Metaspace       used 12768K, capacity 12896K, committed 13184K, reserved 1060864K
  class space    used 1081K, capacity 1109K, committed 1152K, reserved 1048576K
}
Event: 1.025 GC heap before
{Heap before GC invocations=1 (full 0):
 garbage-first heap   total 129024K, used 43997K [0x0000000083600000, 0x0000000100000000)
  region size 1024K, 34 young (34816K), 3 survivors (3072K)
 Metaspace       used 12779K, capacity 12896K, committed 13184K, reserved 1060864K
  class space    used 1081K, capacity 1109K, committed 1152K, reserved 1048576K
}
Event: 1.028 GC heap after
{Heap after GC invocations=2 (full 0):
 garbage-first heap   total 129024K, used 8455K [0x0000000083600000, 0x0000000100000000)
  region size 1024K, 1 young (1024K), 1 survivors (1024K)
 Metaspace       used 12779K, capacity 12896K, committed 13184K, reserved 1060864K
  class space    used 1081K, capacity 1109K, committed 1152K, reserved 1048576K
}
Event: 1.571 GC heap before
{Heap before GC invocations=2 (full 0):
 garbage-first heap   total 129024K, used 106759K [0x0000000083600000, 0x0000000100000000)
  region size 1024K, 75 young (76800K), 1 survivors (1024K)
 Metaspace       used 12909K, capacity 13056K, committed 13184K, reserved 1060864K
  class space    used 1090K, capacity 1141K, committed 1152K, reserved 1048576K
}
Event: 1.571 GC heap after
{Heap after GC invocations=3 (full 0):
 garbage-first heap   total 129024K, used 21184K [0x0000000083600000, 0x0000000100000000)
  region size 1024K, 1 young (1024K), 1 survivors (1024K)
 Metaspace       used 12909K, capacity 13056K, committed 13184K, reserved 1060864K
  class space    used 1090K, capacity 1141K, committed 1152K, reserved 1048576K
}
Event: 7.108 GC heap before
{Heap before GC invocations=3 (full 0):
 garbage-first heap   total 129024K, used 111296K [0x0000000083600000, 0x0000000100000000)
  region size 1024K, 75 young (76800K), 1 survivors (1024K)
 Metaspace       used 13007K, capacity 13216K, committed 13568K, reserved 1060864K
  class space    used 1096K, capacity 1173K, committed 1280K, reserved 1048576K
}
Event: 7.109 GC heap after
{Heap after GC invocations=4 (full 0):
 garbage-first heap   total 129024K, used 19229K [0x0000000083600000, 0x0000000100000000)
  region size 1024K, 1 young (1024K), 1 survivors (1024K)
 Metaspace       used 13007K, capacity 13216K, committed 13568K, reserved 1060864K
  class space    used 1096K, capacity 1173K, committed 1280K, reserved 1048576K
}
Event: 212.711 GC heap before
{Heap before GC invocations=4 (full 0):
 garbage-first heap   total 129024K, used 95005K [0x0000000083600000, 0x0000000100000000)
  region size 1024K, 75 young (76800K), 1 survivors (1024K)
 Metaspace       used 13098K, capacity 13280K, committed 13568K, reserved 1060864K
  class space    used 1096K, capacity 1173K, committed 1280K, reserved 1048576K
}
Event: 212.847 GC heap after
{Heap after GC invocations=5 (full 0):
 garbage-first heap   total 129024K, used 10098K [0x0000000083600000, 0x0000000100000000)
  region size 1024K, 4 young (4096K), 4 survivors (4096K)
 Metaspace       used 13098K, capacity 13280K, committed 13568K, reserved 1060864K
  class space    used 1096K, capacity 1173K, committed 1280K, reserved 1048576K
}

